#
# There is insufficient memory for the Java Runtime Environment to continue.
# Native memory allocation (malloc) failed to allocate 32744 bytes. Error detail: ChunkPool::allocate
# Possible reasons:
#   The system is out of physical RAM or swap space
#   This process is running with CompressedOops enabled, and the Java Heap may be blocking the growth of the native heap
# Possible solutions:
#   Reduce memory load on the system
#   Increase physical memory or swap space
#   Check if swap backing store is full
#   Decrease Java heap size (-Xmx/-Xms)
#   Decrease number of Java threads
#   Decrease Java thread stack sizes (-Xss)
#   Set larger code cache with -XX:ReservedCodeCacheSize=
#   JVM is running with Unscaled Compressed Oops mode in which the Java heap is
#     placed in the first 4GB address space. The Java Heap base address is the
#     maximum limit for the native heap growth. Please use -XX:HeapBaseMinAddress
#     to set the Java Heap base and to place the Java Heap above 4GB virtual address.
# This output file may be truncated or incomplete.
#
#  Out of Memory Error (arena.cpp:79), pid=816, tid=11560
#
# JRE version: OpenJDK Runtime Environment Temurin-17.0.13+11 (17.0.13+11) (build 17.0.13+11)
# Java VM: OpenJDK 64-Bit Server VM Temurin-17.0.13+11 (17.0.13+11, mixed mode, tiered, compressed oops, compressed class ptrs, parallel gc, windows-amd64)
# No core dump will be written. Minidumps are not enabled by default on client versions of Windows
#

---------------  S U M M A R Y ------------

Command Line: --add-modules=ALL-SYSTEM --add-opens=java.base/java.util=ALL-UNNAMED --add-opens=java.base/java.lang=ALL-UNNAMED --add-opens=java.base/sun.nio.fs=ALL-UNNAMED -Declipse.application=org.eclipse.jdt.ls.core.id1 -Dosgi.bundles.defaultStartLevel=4 -Declipse.product=org.eclipse.jdt.ls.core.product -Djava.import.generatesMetadataFilesAtProjectRoot=false -DDetectVMInstallationsJob.disabled=true -Dfile.encoding=utf8 -XX:+UseParallelGC -XX:GCTimeRatio=4 -XX:AdaptiveSizePolicyWeight=90 -Dsun.zip.disableMemoryMapping=true -Xmx1G -Xms100m -Xlog:disable -javaagent:c:\Users\Subin\.vscode\extensions\redhat.java-1.38.0-win32-x64\lombok\lombok-1.18.34.jar c:\Users\Subin\.vscode\extensions\redhat.java-1.38.0-win32-x64\server\plugins\org.eclipse.equinox.launcher_1.6.900.v20240613-2009.jar -configuration c:\Users\Subin\AppData\Roaming\Code\User\globalStorage\redhat.java\1.38.0\config_ss_win -data c:\Users\Subin\AppData\Roaming\Code\User\workspaceStorage\157b96764210258bfce914ef14b99882\redhat.java\ss_ws --pipe=\\.\pipe\lsp-14ddeb77244f37a8e4eb0b7d63e63f46-sock

Host: Intel(R) Core(TM) i5-3337U CPU @ 1.80GHz, 4 cores, 7G,  Windows 10 , 64 bit Build 19041 (10.0.19041.5198)
Time: Sat Dec 21 15:52:34 2024 Nepal Standard Time elapsed time: 1.429887 seconds (0d 0h 0m 1s)

---------------  T H R E A D  ---------------

Current thread (0x000001e532e6d9c0):  JavaThread "C2 CompilerThread1" daemon [_thread_in_native, id=11560, stack(0x0000000433000000,0x0000000433100000)]


Current CompileTask:
C2:   1430  541       4       lombok.patcher.PatchScript::classMatches (41 bytes)

Stack: [0x0000000433000000,0x0000000433100000]
Native frames: (J=compiled Java code, j=interpreted, Vv=VM code, C=native code)
V  [jvm.dll+0x682a19]
V  [jvm.dll+0x839538]
V  [jvm.dll+0x83afe3]
V  [jvm.dll+0x83b653]
V  [jvm.dll+0x24704f]
V  [jvm.dll+0xad03c]
V  [jvm.dll+0xad4cc]
V  [jvm.dll+0x1dcb79]
V  [jvm.dll+0x1ddefe]
V  [jvm.dll+0x1dc43e]
V  [jvm.dll+0x1dbc05]
V  [jvm.dll+0x1dc9ec]
V  [jvm.dll+0x1dbe6e]
V  [jvm.dll+0x1cbaa0]
V  [jvm.dll+0x12659b]
V  [jvm.dll+0x2a9d1c]
V  [jvm.dll+0x2ab9ff]
V  [jvm.dll+0x69afc8]
V  [jvm.dll+0x692d83]
V  [jvm.dll+0x692620]
V  [jvm.dll+0x690442]
V  [jvm.dll+0x1a5f6c]
V  [jvm.dll+0x2aba7c]
V  [jvm.dll+0x69afc8]
V  [jvm.dll+0x692d83]
V  [jvm.dll+0x692620]
V  [jvm.dll+0x690442]
V  [jvm.dll+0x1a5f6c]
V  [jvm.dll+0x1a6ac8]
V  [jvm.dll+0x1a6ac8]
V  [jvm.dll+0x2aba7c]
V  [jvm.dll+0x69afc8]
V  [jvm.dll+0x692d83]
V  [jvm.dll+0x692620]
V  [jvm.dll+0x690442]
V  [jvm.dll+0x1a5f6c]
V  [jvm.dll+0x1a6ac8]
V  [jvm.dll+0x1a6ac8]
V  [jvm.dll+0x2aba7c]
V  [jvm.dll+0x69afc8]
V  [jvm.dll+0x692d83]
V  [jvm.dll+0x692620]
V  [jvm.dll+0x690442]
V  [jvm.dll+0x1a5f6c]
V  [jvm.dll+0x2aba7c]
V  [jvm.dll+0x69afc8]
V  [jvm.dll+0x692d83]
V  [jvm.dll+0x692620]
V  [jvm.dll+0x690442]
V  [jvm.dll+0x1a5f6c]
V  [jvm.dll+0x1a6ac8]
V  [jvm.dll+0x1a6ac8]
V  [jvm.dll+0x2aba7c]
V  [jvm.dll+0x69afc8]
V  [jvm.dll+0x692d83]
V  [jvm.dll+0x692620]
V  [jvm.dll+0x690442]
V  [jvm.dll+0x1a5f6c]
V  [jvm.dll+0x217038]
V  [jvm.dll+0x1a3070]
V  [jvm.dll+0x22788c]
V  [jvm.dll+0x2259eb]
V  [jvm.dll+0x7eec98]
V  [jvm.dll+0x7e8ffc]
V  [jvm.dll+0x6818f7]
C  [ucrtbase.dll+0x21bb2]
C  [KERNEL32.DLL+0x17374]
C  [ntdll.dll+0x4cc91]


---------------  P R O C E S S  ---------------

Threads class SMR info:
_java_thread_list=0x000001e532d9dbe0, length=13, elements={
0x000001e519a8bf60, 0x000001e52d8d0750, 0x000001e52d8d1ad0, 0x000001e52d8fb150,
0x000001e52d8fbfd0, 0x000001e52d8fce50, 0x000001e52d8fec20, 0x000001e52d8ff910,
0x000001e532ae66b0, 0x000001e532ae9c80, 0x000001e532bc38b0, 0x000001e532dbcd20,
0x000001e532e6d9c0
}

Java Threads: ( => current thread )
  0x000001e519a8bf60 JavaThread "main" [_thread_in_vm, id=12412, stack(0x0000000432000000,0x0000000432100000)]
  0x000001e52d8d0750 JavaThread "Reference Handler" daemon [_thread_blocked, id=14008, stack(0x0000000432300000,0x0000000432400000)]
  0x000001e52d8d1ad0 JavaThread "Finalizer" daemon [_thread_blocked, id=13464, stack(0x0000000432400000,0x0000000432500000)]
  0x000001e52d8fb150 JavaThread "Signal Dispatcher" daemon [_thread_blocked, id=1340, stack(0x0000000432600000,0x0000000432700000)]
  0x000001e52d8fbfd0 JavaThread "Attach Listener" daemon [_thread_blocked, id=14020, stack(0x0000000432700000,0x0000000432800000)]
  0x000001e52d8fce50 JavaThread "Service Thread" daemon [_thread_blocked, id=14196, stack(0x0000000432800000,0x0000000432900000)]
  0x000001e52d8fec20 JavaThread "Monitor Deflation Thread" daemon [_thread_blocked, id=13352, stack(0x0000000432900000,0x0000000432a00000)]
  0x000001e52d8ff910 JavaThread "C2 CompilerThread0" daemon [_thread_in_native, id=6488, stack(0x0000000432a00000,0x0000000432b00000)]
  0x000001e532ae66b0 JavaThread "C1 CompilerThread0" daemon [_thread_blocked, id=1820, stack(0x0000000432b00000,0x0000000432c00000)]
  0x000001e532ae9c80 JavaThread "Sweeper thread" daemon [_thread_blocked, id=10800, stack(0x0000000432c00000,0x0000000432d00000)]
  0x000001e532bc38b0 JavaThread "Common-Cleaner" daemon [_thread_blocked, id=13012, stack(0x0000000432d00000,0x0000000432e00000)]
  0x000001e532dbcd20 JavaThread "Notification Thread" daemon [_thread_blocked, id=8532, stack(0x0000000432e00000,0x0000000432f00000)]
=>0x000001e532e6d9c0 JavaThread "C2 CompilerThread1" daemon [_thread_in_native, id=11560, stack(0x0000000433000000,0x0000000433100000)]

Other Threads:
  0x000001e52d8b8aa0 VMThread "VM Thread" [stack: 0x0000000432200000,0x0000000432300000] [id=10700]
  0x000001e532dbe210 WatcherThread [stack: 0x0000000432f00000,0x0000000433000000] [id=2464]
  0x000001e519aa13b0 GCTaskThread "GC Thread#0" [stack: 0x0000000432100000,0x0000000432200000] [id=5664]

Threads with active compile tasks:
C2 CompilerThread0     1504  515       4       lombok.patcher.scripts.MethodLevelPatchScript::patch (21 bytes)
C2 CompilerThread1     1504  541       4       lombok.patcher.PatchScript::classMatches (41 bytes)

VM state: not at safepoint (normal execution)

VM Mutex/Monitor currently owned by a thread: None

Heap address: 0x00000000c0000000, size: 1024 MB, Compressed Oops mode: 32-bit

CDS archive(s) not mapped
Compressed class space mapped at: 0x0000000100000000-0x0000000140000000, reserved size: 1073741824
Narrow klass base: 0x0000000000000000, Narrow klass shift: 3, Narrow klass range: 0x140000000

GC Precious Log:
 CPUs: 4 total, 4 available
 Memory: 8067M
 Large Page Support: Disabled
 NUMA Support: Disabled
 Compressed Oops: Enabled (32-bit)
 Alignments: Space 512K, Generation 512K, Heap 2M
 Heap Min Capacity: 100M
 Heap Initial Capacity: 100M
 Heap Max Capacity: 1G
 Pre-touch: Disabled
 Parallel Workers: 4

Heap:
 PSYoungGen      total 29696K, used 11885K [0x00000000eab00000, 0x00000000ecc00000, 0x0000000100000000)
  eden space 25600K, 46% used [0x00000000eab00000,0x00000000eb69b798,0x00000000ec400000)
  from space 4096K, 0% used [0x00000000ec800000,0x00000000ec800000,0x00000000ecc00000)
  to   space 4096K, 0% used [0x00000000ec400000,0x00000000ec400000,0x00000000ec800000)
 ParOldGen       total 68608K, used 0K [0x00000000c0000000, 0x00000000c4300000, 0x00000000eab00000)
  object space 68608K, 0% used [0x00000000c0000000,0x00000000c0000000,0x00000000c4300000)
 Metaspace       used 8275K, committed 8384K, reserved 1114112K
  class space    used 807K, committed 896K, reserved 1048576K

Card table byte_map: [0x000001e519430000,0x000001e519640000] _byte_map_base: 0x000001e518e30000

Marking Bits: (ParMarkBitMap*) 0x00007ffb29906940
 Begin Bits: [0x000001e52b730000, 0x000001e52c730000)
 End Bits:   [0x000001e52c730000, 0x000001e52d730000)

Polling page: 0x000001e5178b0000

Metaspace:

Usage:
  Non-class:      7.29 MB used.
      Class:    807.71 KB used.
       Both:      8.08 MB used.

Virtual space:
  Non-class space:       64.00 MB reserved,       7.31 MB ( 11%) committed,  1 nodes.
      Class space:        1.00 GB reserved,     896.00 KB ( <1%) committed,  1 nodes.
             Both:        1.06 GB reserved,       8.19 MB ( <1%) committed. 

Chunk freelists:
   Non-Class:  8.00 MB
       Class:  15.09 MB
        Both:  23.09 MB

MaxMetaspaceSize: unlimited
CompressedClassSpaceSize: 1.00 GB
Initial GC threshold: 21.00 MB
Current GC threshold: 21.00 MB
CDS: off
MetaspaceReclaimPolicy: balanced
 - commit_granule_bytes: 65536.
 - commit_granule_words: 8192.
 - virtual_space_node_default_size: 8388608.
 - enlarge_chunks_in_place: 1.
 - new_chunks_are_fully_committed: 0.
 - uncommit_free_chunks: 1.
 - use_allocation_guard: 0.
 - handle_deallocations: 1.


Internal statistics:

num_allocs_failed_limit: 0.
num_arena_births: 10.
num_arena_deaths: 0.
num_vsnodes_births: 2.
num_vsnodes_deaths: 0.
num_space_committed: 131.
num_space_uncommitted: 0.
num_chunks_returned_to_freelist: 0.
num_chunks_taken_from_freelist: 41.
num_chunk_merges: 0.
num_chunk_splits: 22.
num_chunks_enlarged: 19.
num_inconsistent_stats: 0.

CodeHeap 'non-profiled nmethods': size=120000Kb used=190Kb max_used=190Kb free=119809Kb
 bounds [0x000001e524200000, 0x000001e524470000, 0x000001e52b730000]
CodeHeap 'profiled nmethods': size=120000Kb used=759Kb max_used=759Kb free=119240Kb
 bounds [0x000001e51c730000, 0x000001e51c9a0000, 0x000001e523c60000]
CodeHeap 'non-nmethods': size=5760Kb used=1126Kb max_used=1134Kb free=4633Kb
 bounds [0x000001e523c60000, 0x000001e523ed0000, 0x000001e524200000]
 total_blobs=959 nmethods=544 adapters=330
 compilation: enabled
              stopped_count=0, restarted_count=0
 full_count=0

Compilation events (20 events):
Event: 1.397 Thread 0x000001e532ae66b0  535       3       java.util.LinkedHashMap::newNode (23 bytes)
Event: 1.397 Thread 0x000001e532ae66b0 nmethod 535 0x000001e51c7e8910 code [0x000001e51c7e8ac0, 0x000001e51c7e8d88]
Event: 1.397 Thread 0x000001e532ae66b0  536       3       java.util.LinkedHashMap$Entry::<init> (10 bytes)
Event: 1.398 Thread 0x000001e532ae66b0 nmethod 536 0x000001e51c7e8f10 code [0x000001e51c7e90c0, 0x000001e51c7e92d8]
Event: 1.398 Thread 0x000001e532e6d9c0 nmethod 531 0x000001e52422e290 code [0x000001e52422e400, 0x000001e52422e598]
Event: 1.399 Thread 0x000001e532e6d9c0  533       4       java.lang.Integer::parseInt (264 bytes)
Event: 1.402 Thread 0x000001e532ae66b0  537       3       java.util.regex.Pattern::isSupplementary (21 bytes)
Event: 1.403 Thread 0x000001e532ae66b0 nmethod 537 0x000001e51c7e9410 code [0x000001e51c7e95c0, 0x000001e51c7e9838]
Event: 1.403 Thread 0x000001e52d8ff910 nmethod 529 0x000001e52422e690 code [0x000001e52422e800, 0x000001e52422eab8]
Event: 1.403 Thread 0x000001e52d8ff910  528       4       java.lang.Character::digit (6 bytes)
Event: 1.405 Thread 0x000001e52d8ff910 nmethod 528 0x000001e52422ec10 code [0x000001e52422eda0, 0x000001e52422ee98]
Event: 1.405 Thread 0x000001e52d8ff910  515       4       lombok.patcher.scripts.MethodLevelPatchScript::patch (21 bytes)
Event: 1.405 Thread 0x000001e532ae66b0  538   !   3       java.lang.invoke.MemberName::getMethodType (211 bytes)
Event: 1.407 Thread 0x000001e532ae66b0 nmethod 538 0x000001e51c7e9910 code [0x000001e51c7e9c00, 0x000001e51c7eb058]
Event: 1.407 Thread 0x000001e532ae66b0  540       3       java.util.regex.Pattern::peek (26 bytes)
Event: 1.408 Thread 0x000001e532ae66b0 nmethod 540 0x000001e51c7eb610 code [0x000001e51c7eb7c0, 0x000001e51c7eba28]
Event: 1.408 Thread 0x000001e532ae66b0  539       3       java.lang.Enum::equals (11 bytes)
Event: 1.408 Thread 0x000001e532ae66b0 nmethod 539 0x000001e51c7ebb90 code [0x000001e51c7ebd20, 0x000001e51c7ebe78]
Event: 1.409 Thread 0x000001e532e6d9c0 nmethod 533 0x000001e52422f010 code [0x000001e52422f1c0, 0x000001e52422f598]
Event: 1.424 Thread 0x000001e532e6d9c0  541       4       lombok.patcher.PatchScript::classMatches (41 bytes)

GC Heap History (0 events):
No events

Dll operation events (8 events):
Event: 0.014 Loaded shared library c:\Users\Subin\.vscode\extensions\redhat.java-1.38.0-win32-x64\jre\17.0.13-win32-x86_64\bin\java.dll
Event: 0.392 Loaded shared library c:\Users\Subin\.vscode\extensions\redhat.java-1.38.0-win32-x64\jre\17.0.13-win32-x86_64\bin\zip.dll
Event: 0.401 Loaded shared library C:\Users\Subin\.vscode\extensions\redhat.java-1.38.0-win32-x64\jre\17.0.13-win32-x86_64\bin\instrument.dll
Event: 0.428 Loaded shared library C:\Users\Subin\.vscode\extensions\redhat.java-1.38.0-win32-x64\jre\17.0.13-win32-x86_64\bin\net.dll
Event: 0.432 Loaded shared library C:\Users\Subin\.vscode\extensions\redhat.java-1.38.0-win32-x64\jre\17.0.13-win32-x86_64\bin\nio.dll
Event: 0.447 Loaded shared library C:\Users\Subin\.vscode\extensions\redhat.java-1.38.0-win32-x64\jre\17.0.13-win32-x86_64\bin\zip.dll
Event: 0.489 Loaded shared library C:\Users\Subin\.vscode\extensions\redhat.java-1.38.0-win32-x64\jre\17.0.13-win32-x86_64\bin\jimage.dll
Event: 0.704 Loaded shared library c:\Users\Subin\.vscode\extensions\redhat.java-1.38.0-win32-x64\jre\17.0.13-win32-x86_64\bin\verify.dll

Deoptimization events (20 events):
Event: 1.295 Thread 0x000001e519a8bf60 Uncommon trap: trap_request=0xffffffde fr.pc=0x000001e52422a1ac relative=0x000000000000010c
Event: 1.295 Thread 0x000001e519a8bf60 Uncommon trap: reason=class_check action=maybe_recompile pc=0x000001e52422a1ac method=jdk.internal.misc.Unsafe.allocateUninitializedArray(Ljava/lang/Class;I)Ljava/lang/Object; @ 51 c2
Event: 1.295 Thread 0x000001e519a8bf60 DEOPT PACKING pc=0x000001e52422a1ac sp=0x00000004320fc110
Event: 1.295 Thread 0x000001e519a8bf60 DEOPT UNPACKING pc=0x000001e523cb66a3 sp=0x00000004320fc098 mode 2
Event: 1.295 Thread 0x000001e519a8bf60 Uncommon trap: trap_request=0xffffffde fr.pc=0x000001e52422a1ac relative=0x000000000000010c
Event: 1.295 Thread 0x000001e519a8bf60 Uncommon trap: reason=class_check action=maybe_recompile pc=0x000001e52422a1ac method=jdk.internal.misc.Unsafe.allocateUninitializedArray(Ljava/lang/Class;I)Ljava/lang/Object; @ 51 c2
Event: 1.295 Thread 0x000001e519a8bf60 DEOPT PACKING pc=0x000001e52422a1ac sp=0x00000004320fc110
Event: 1.295 Thread 0x000001e519a8bf60 DEOPT UNPACKING pc=0x000001e523cb66a3 sp=0x00000004320fc098 mode 2
Event: 1.295 Thread 0x000001e519a8bf60 Uncommon trap: trap_request=0xffffffde fr.pc=0x000001e52422a1ac relative=0x000000000000010c
Event: 1.295 Thread 0x000001e519a8bf60 Uncommon trap: reason=class_check action=maybe_recompile pc=0x000001e52422a1ac method=jdk.internal.misc.Unsafe.allocateUninitializedArray(Ljava/lang/Class;I)Ljava/lang/Object; @ 51 c2
Event: 1.295 Thread 0x000001e519a8bf60 DEOPT PACKING pc=0x000001e52422a1ac sp=0x00000004320fc150
Event: 1.295 Thread 0x000001e519a8bf60 DEOPT UNPACKING pc=0x000001e523cb66a3 sp=0x00000004320fc0d8 mode 2
Event: 1.322 Thread 0x000001e519a8bf60 Uncommon trap: trap_request=0xffffff45 fr.pc=0x000001e5242172c0 relative=0x00000000000000c0
Event: 1.322 Thread 0x000001e519a8bf60 Uncommon trap: reason=unstable_if action=reinterpret pc=0x000001e5242172c0 method=java.net.URI.match(CJJ)Z @ 45 c2
Event: 1.322 Thread 0x000001e519a8bf60 DEOPT PACKING pc=0x000001e5242172c0 sp=0x00000004320fc610
Event: 1.322 Thread 0x000001e519a8bf60 DEOPT UNPACKING pc=0x000001e523cb66a3 sp=0x00000004320fc598 mode 2
Event: 1.375 Thread 0x000001e519a8bf60 Uncommon trap: trap_request=0xffffff45 fr.pc=0x000001e52422bc34 relative=0x00000000000005b4
Event: 1.375 Thread 0x000001e519a8bf60 Uncommon trap: reason=unstable_if action=reinterpret pc=0x000001e52422bc34 method=java.lang.String.replace(Ljava/lang/CharSequence;Ljava/lang/CharSequence;)Ljava/lang/String; @ 48 c2
Event: 1.376 Thread 0x000001e519a8bf60 DEOPT PACKING pc=0x000001e52422bc34 sp=0x00000004320fc5c0
Event: 1.376 Thread 0x000001e519a8bf60 DEOPT UNPACKING pc=0x000001e523cb66a3 sp=0x00000004320fc530 mode 2

Classes loaded (20 events):
Event: 1.407 Loading class sun/security/util/DisabledAlgorithmConstraints$DenyAfterConstraint done
Event: 1.407 Loading class java/time/ZoneId
Event: 1.408 Loading class java/time/ZoneId done
Event: 1.409 Loading class java/time/ZoneOffset
Event: 1.409 Loading class java/time/temporal/TemporalAccessor
Event: 1.409 Loading class java/time/temporal/TemporalAccessor done
Event: 1.409 Loading class java/time/temporal/TemporalAdjuster
Event: 1.409 Loading class java/time/temporal/TemporalAdjuster done
Event: 1.410 Loading class java/time/ZoneOffset done
Event: 1.421 Loading class java/time/ZoneRegion
Event: 1.421 Loading class java/time/ZoneRegion done
Event: 1.422 Loading class java/time/zone/ZoneRules
Event: 1.422 Loading class java/time/zone/ZoneRules done
Event: 1.422 Loading class java/time/zone/ZoneOffsetTransitionRule
Event: 1.423 Loading class java/time/zone/ZoneOffsetTransitionRule done
Event: 1.423 Loading class java/time/LocalDateTime
Event: 1.424 Loading class java/time/temporal/Temporal
Event: 1.424 Loading class java/time/temporal/Temporal done
Event: 1.424 Loading class java/time/chrono/ChronoLocalDateTime
Event: 1.424 Loading class java/time/chrono/ChronoLocalDateTime done

Classes unloaded (0 events):
No events

Classes redefined (0 events):
No events

Internal exceptions (2 events):
Event: 0.331 Thread 0x000001e519a8bf60 Exception <a 'java/lang/NoSuchMethodError'{0x00000000eacb50f0}: 'void java.lang.invoke.DirectMethodHandle$Holder.invokeStatic(java.lang.Object, java.lang.Object, java.lang.Object)'> (0x00000000eacb50f0) 
thrown [s\src\hotspot\share\interpreter\linkResolver.cpp, line 759]
Event: 0.777 Thread 0x000001e519a8bf60 Exception <a 'java/lang/reflect/InvocationTargetException'{0x00000000eafe79a0}> (0x00000000eafe79a0) 
thrown [s\src\hotspot\share\runtime\reflection.cpp, line 1128]

VM Operations (4 events):
Event: 0.344 Executing VM operation: HandshakeAllThreads
Event: 0.345 Executing VM operation: HandshakeAllThreads done
Event: 0.536 Executing VM operation: HandshakeAllThreads
Event: 0.536 Executing VM operation: HandshakeAllThreads done

Memory protections (0 events):
No events

Nmethod flushes (0 events):
No events

Events (13 events):
Event: 0.062 Thread 0x000001e519a8bf60 Thread added: 0x000001e519a8bf60
Event: 0.082 Thread 0x000001e519a8bf60 Thread added: 0x000001e52d8d0750
Event: 0.082 Thread 0x000001e519a8bf60 Thread added: 0x000001e52d8d1ad0
Event: 0.117 Thread 0x000001e519a8bf60 Thread added: 0x000001e52d8fb150
Event: 0.117 Thread 0x000001e519a8bf60 Thread added: 0x000001e52d8fbfd0
Event: 0.117 Thread 0x000001e519a8bf60 Thread added: 0x000001e52d8fce50
Event: 0.117 Thread 0x000001e519a8bf60 Thread added: 0x000001e52d8fec20
Event: 0.117 Thread 0x000001e519a8bf60 Thread added: 0x000001e52d8ff910
Event: 0.127 Thread 0x000001e519a8bf60 Thread added: 0x000001e532ae66b0
Event: 0.130 Thread 0x000001e519a8bf60 Thread added: 0x000001e532ae9c80
Event: 0.291 Thread 0x000001e519a8bf60 Thread added: 0x000001e532bc38b0
Event: 1.004 Thread 0x000001e519a8bf60 Thread added: 0x000001e532dbcd20
Event: 1.393 Thread 0x000001e52d8ff910 Thread added: 0x000001e532e6d9c0


Dynamic libraries:
0x00007ff6077b0000 - 0x00007ff6077be000 	c:\Users\Subin\.vscode\extensions\redhat.java-1.38.0-win32-x64\jre\17.0.13-win32-x86_64\bin\java.exe
0x00007ffb7a4f0000 - 0x00007ffb7a6e8000 	C:\Windows\SYSTEM32\ntdll.dll
0x00007ffb79810000 - 0x00007ffb798d2000 	C:\Windows\System32\KERNEL32.DLL
0x00007ffb77e80000 - 0x00007ffb7817e000 	C:\Windows\System32\KERNELBASE.dll
0x00007ffb782a0000 - 0x00007ffb783a0000 	C:\Windows\System32\ucrtbase.dll
0x00007ffb627b0000 - 0x00007ffb627c7000 	c:\Users\Subin\.vscode\extensions\redhat.java-1.38.0-win32-x64\jre\17.0.13-win32-x86_64\bin\jli.dll
0x00007ffb78f70000 - 0x00007ffb7910d000 	C:\Windows\System32\USER32.dll
0x00007ffb77be0000 - 0x00007ffb77c02000 	C:\Windows\System32\win32u.dll
0x00007ffb7a0c0000 - 0x00007ffb7a0eb000 	C:\Windows\System32\GDI32.dll
0x00007ffb78180000 - 0x00007ffb78297000 	C:\Windows\System32\gdi32full.dll
0x00007ffb77c10000 - 0x00007ffb77cad000 	C:\Windows\System32\msvcp_win.dll
0x00007ffb617b0000 - 0x00007ffb617ce000 	c:\Users\Subin\.vscode\extensions\redhat.java-1.38.0-win32-x64\jre\17.0.13-win32-x86_64\bin\VCRUNTIME140.dll
0x00007ffb68d10000 - 0x00007ffb68faa000 	C:\Windows\WinSxS\amd64_microsoft.windows.common-controls_6595b64144ccf1df_6.0.19041.4355_none_60b8b9eb71f62e16\COMCTL32.dll
0x00007ffb792d0000 - 0x00007ffb7936e000 	C:\Windows\System32\msvcrt.dll
0x00007ffb791f0000 - 0x00007ffb7921f000 	C:\Windows\System32\IMM32.DLL
0x00007ffb740b0000 - 0x00007ffb740bc000 	c:\Users\Subin\.vscode\extensions\redhat.java-1.38.0-win32-x64\jre\17.0.13-win32-x86_64\bin\vcruntime140_1.dll
0x00007ffb4fbc0000 - 0x00007ffb4fc4d000 	c:\Users\Subin\.vscode\extensions\redhat.java-1.38.0-win32-x64\jre\17.0.13-win32-x86_64\bin\msvcp140.dll
0x00007ffb28d60000 - 0x00007ffb299cb000 	c:\Users\Subin\.vscode\extensions\redhat.java-1.38.0-win32-x64\jre\17.0.13-win32-x86_64\bin\server\jvm.dll
0x00007ffb78740000 - 0x00007ffb787f1000 	C:\Windows\System32\ADVAPI32.dll
0x00007ffb78640000 - 0x00007ffb786df000 	C:\Windows\System32\sechost.dll
0x00007ffb79370000 - 0x00007ffb79493000 	C:\Windows\System32\RPCRT4.dll
0x00007ffb78430000 - 0x00007ffb78457000 	C:\Windows\System32\bcrypt.dll
0x00007ffb79170000 - 0x00007ffb791db000 	C:\Windows\System32\WS2_32.dll
0x00007ffb779f0000 - 0x00007ffb77a3b000 	C:\Windows\SYSTEM32\POWRPROF.dll
0x00007ffb68100000 - 0x00007ffb68127000 	C:\Windows\SYSTEM32\WINMM.dll
0x00007ffb6bed0000 - 0x00007ffb6beda000 	C:\Windows\SYSTEM32\VERSION.dll
0x00007ffb779d0000 - 0x00007ffb779e2000 	C:\Windows\SYSTEM32\UMPDC.dll
0x00007ffb75a10000 - 0x00007ffb75a22000 	C:\Windows\SYSTEM32\kernel.appcore.dll
0x00007ffb6e360000 - 0x00007ffb6e36a000 	c:\Users\Subin\.vscode\extensions\redhat.java-1.38.0-win32-x64\jre\17.0.13-win32-x86_64\bin\jimage.dll
0x00007ffb66190000 - 0x00007ffb66374000 	C:\Windows\SYSTEM32\DBGHELP.DLL
0x00007ffb65e80000 - 0x00007ffb65eb4000 	C:\Windows\SYSTEM32\dbgcore.DLL
0x00007ffb783a0000 - 0x00007ffb78422000 	C:\Windows\System32\bcryptPrimitives.dll
0x00007ffb67cc0000 - 0x00007ffb67cce000 	c:\Users\Subin\.vscode\extensions\redhat.java-1.38.0-win32-x64\jre\17.0.13-win32-x86_64\bin\instrument.dll
0x00007ffb54a50000 - 0x00007ffb54a75000 	c:\Users\Subin\.vscode\extensions\redhat.java-1.38.0-win32-x64\jre\17.0.13-win32-x86_64\bin\java.dll
0x00007ffb61630000 - 0x00007ffb61648000 	c:\Users\Subin\.vscode\extensions\redhat.java-1.38.0-win32-x64\jre\17.0.13-win32-x86_64\bin\zip.dll
0x00007ffb78800000 - 0x00007ffb78f6d000 	C:\Windows\System32\SHELL32.dll
0x00007ffb75c10000 - 0x00007ffb763b4000 	C:\Windows\SYSTEM32\windows.storage.dll
0x00007ffb794b0000 - 0x00007ffb79803000 	C:\Windows\System32\combase.dll
0x00007ffb774f0000 - 0x00007ffb7751e000 	C:\Windows\SYSTEM32\Wldp.dll
0x00007ffb7a2a0000 - 0x00007ffb7a36d000 	C:\Windows\System32\OLEAUT32.dll
0x00007ffb7a400000 - 0x00007ffb7a4ad000 	C:\Windows\System32\SHCORE.dll
0x00007ffb786e0000 - 0x00007ffb78735000 	C:\Windows\System32\shlwapi.dll
0x00007ffb77ac0000 - 0x00007ffb77ae4000 	C:\Windows\SYSTEM32\profapi.dll
0x00007ffb60f10000 - 0x00007ffb60f29000 	C:\Users\Subin\.vscode\extensions\redhat.java-1.38.0-win32-x64\jre\17.0.13-win32-x86_64\bin\net.dll
0x00007ffb71cf0000 - 0x00007ffb71dfd000 	C:\Windows\SYSTEM32\WINHTTP.dll
0x00007ffb77250000 - 0x00007ffb772ba000 	C:\Windows\system32\mswsock.dll
0x00007ffb5ff60000 - 0x00007ffb5ff76000 	C:\Users\Subin\.vscode\extensions\redhat.java-1.38.0-win32-x64\jre\17.0.13-win32-x86_64\bin\nio.dll
0x00007ffb64770000 - 0x00007ffb64780000 	c:\Users\Subin\.vscode\extensions\redhat.java-1.38.0-win32-x64\jre\17.0.13-win32-x86_64\bin\verify.dll

dbghelp: loaded successfully - version: 4.0.5 - missing functions: none
symbol engine: initialized successfully - sym options: 0x614 - pdb path: .;c:\Users\Subin\.vscode\extensions\redhat.java-1.38.0-win32-x64\jre\17.0.13-win32-x86_64\bin;C:\Windows\SYSTEM32;C:\Windows\WinSxS\amd64_microsoft.windows.common-controls_6595b64144ccf1df_6.0.19041.4355_none_60b8b9eb71f62e16;c:\Users\Subin\.vscode\extensions\redhat.java-1.38.0-win32-x64\jre\17.0.13-win32-x86_64\bin\server

VM Arguments:
jvm_args: --add-modules=ALL-SYSTEM --add-opens=java.base/java.util=ALL-UNNAMED --add-opens=java.base/java.lang=ALL-UNNAMED --add-opens=java.base/sun.nio.fs=ALL-UNNAMED -Declipse.application=org.eclipse.jdt.ls.core.id1 -Dosgi.bundles.defaultStartLevel=4 -Declipse.product=org.eclipse.jdt.ls.core.product -Djava.import.generatesMetadataFilesAtProjectRoot=false -DDetectVMInstallationsJob.disabled=true -Dfile.encoding=utf8 -XX:+UseParallelGC -XX:GCTimeRatio=4 -XX:AdaptiveSizePolicyWeight=90 -Dsun.zip.disableMemoryMapping=true -Xmx1G -Xms100m -Xlog:disable -javaagent:c:\Users\Subin\.vscode\extensions\redhat.java-1.38.0-win32-x64\lombok\lombok-1.18.34.jar 
java_command: c:\Users\Subin\.vscode\extensions\redhat.java-1.38.0-win32-x64\server\plugins\org.eclipse.equinox.launcher_1.6.900.v20240613-2009.jar -configuration c:\Users\Subin\AppData\Roaming\Code\User\globalStorage\redhat.java\1.38.0\config_ss_win -data c:\Users\Subin\AppData\Roaming\Code\User\workspaceStorage\157b96764210258bfce914ef14b99882\redhat.java\ss_ws --pipe=\\.\pipe\lsp-14ddeb77244f37a8e4eb0b7d63e63f46-sock
java_class_path (initial): c:\Users\Subin\.vscode\extensions\redhat.java-1.38.0-win32-x64\server\plugins\org.eclipse.equinox.launcher_1.6.900.v20240613-2009.jar
Launcher Type: SUN_STANDARD

[Global flags]
    uintx AdaptiveSizePolicyWeight                 = 90                                        {product} {command line}
     intx CICompilerCount                          = 3                                         {product} {ergonomic}
    uintx GCTimeRatio                              = 4                                         {product} {command line}
   size_t InitialHeapSize                          = 104857600                                 {product} {command line}
   size_t MaxHeapSize                              = 1073741824                                {product} {command line}
   size_t MaxNewSize                               = 357564416                                 {product} {ergonomic}
   size_t MinHeapDeltaBytes                        = 524288                                    {product} {ergonomic}
   size_t MinHeapSize                              = 104857600                                 {product} {command line}
   size_t NewSize                                  = 34603008                                  {product} {ergonomic}
    uintx NonNMethodCodeHeapSize                   = 5832780                                {pd product} {ergonomic}
    uintx NonProfiledCodeHeapSize                  = 122912730                              {pd product} {ergonomic}
   size_t OldSize                                  = 70254592                                  {product} {ergonomic}
    uintx ProfiledCodeHeapSize                     = 122912730                              {pd product} {ergonomic}
    uintx ReservedCodeCacheSize                    = 251658240                              {pd product} {ergonomic}
     bool SegmentedCodeCache                       = true                                      {product} {ergonomic}
   size_t SoftMaxHeapSize                          = 1073741824                             {manageable} {ergonomic}
     bool UseCompressedClassPointers               = true                           {product lp64_product} {ergonomic}
     bool UseCompressedOops                        = true                           {product lp64_product} {ergonomic}
     bool UseLargePagesIndividualAllocation        = false                                  {pd product} {ergonomic}
     bool UseParallelGC                            = true                                      {product} {command line}

Logging:
Log output configuration:
 #0: stdout all=off uptime,level,tags
 #1: stderr all=off uptime,level,tags

Environment Variables:
PATH=C:\Program Files\MySQL\MySQL Server 8.4\bin;C:\Python310\Scripts\;C:\Python310\;C:\Program Files\Common Files\Oracle\Java\javapath;C:\Windows\system32;C:\Windows;C:\Windows\System32\Wbem;C:\Windows\System32\WindowsPowerShell\v1.0\;C:\Windows\System32\OpenSSH\;C:\Program Files\dotnet\;D:\git\Git\cmd;C:\ProgramData\chocolatey\bin;D:\putty\;D:\nodejs\;C:\Program Files\MySQL\MySQL Server 8.4\bin;C:\Users\Subin\AppData\Local\Programs\Microsoft VS Code\bin;C:\Users\Subin\AppData\Local\GitHubDesktop\bin;C:\Users\Subin\AppData\Local\ffmpegio\ffmpeg-downloader\ffmpeg\bin;C:\Users\Subin\AppData\Roaming\npm
USERNAME=Subin
OS=Windows_NT
PROCESSOR_IDENTIFIER=Intel64 Family 6 Model 58 Stepping 9, GenuineIntel
TMP=C:\Users\Subin\AppData\Local\Temp
TEMP=C:\Users\Subin\AppData\Local\Temp



Periodic native trim disabled


---------------  S Y S T E M  ---------------

OS:
 Windows 10 , 64 bit Build 19041 (10.0.19041.5198)
OS uptime: 0 days 7:49 hours

CPU: total 4 (initial active 4) (2 cores per cpu, 2 threads per core) family 6 model 58 stepping 9 microcode 0x21, cx8, cmov, fxsr, ht, mmx, sse, sse2, sse3, ssse3, sse4.1, sse4.2, popcnt, tsc, tscinvbit, avx, aes, erms, clmul, vzeroupper, clflush
Processor Information for all 4 processors :
  Max Mhz: 1801, Current Mhz: 1801, Mhz Limit: 1801

Memory: 4k page, system-wide physical 8067M (1283M free)
TotalPageFile size 13926M (AvailPageFile size 3M)
current process WorkingSet (physical memory assigned to process): 48M, peak: 48M
current process commit charge ("private bytes"): 178M, peak: 178M

vm_info: OpenJDK 64-Bit Server VM (17.0.13+11) for windows-amd64 JRE (17.0.13+11), built on Oct 16 2024 00:10:08 by "admin" with MS VC++ 17.7 (VS2022)

END.
